#
# There is insufficient memory for the Java Runtime Environment to continue.
# Native memory allocation (malloc) failed to allocate 155189248 bytes for committing reserved memory.
# Possible reasons:
#   The system is out of physical RAM or swap space
#   In 32 bit mode, the process size limit was hit
# Possible solutions:
#   Reduce memory load on the system
#   Increase physical memory or swap space
#   Check if swap backing store is full
#   Use 64 bit Java on a 64 bit OS
#   Decrease Java heap size (-Xmx/-Xms)
#   Decrease number of Java threads
#   Decrease Java thread stack sizes (-Xss)
#   Set larger code cache with -XX:ReservedCodeCacheSize=
# This output file may be truncated or incomplete.
#
#  Out of Memory Error (os_linux.cpp:2718), pid=6688, tid=140481815205632
#
# JRE version: Java(TM) SE Runtime Environment (7.0_45-b18) (build 1.7.0_45-b18)
# Java VM: Java HotSpot(TM) 64-Bit Server VM (24.45-b08 mixed mode linux-amd64 compressed oops)
# Failed to write core dump. Core dumps have been disabled. To enable core dumping, try "ulimit -c unlimited" before starting Java again
#

---------------  T H R E A D  ---------------

Current thread (0x00007fc480067000):  VMThread [stack: 0x00007fc478a15000,0x00007fc478b16000] [id=6699]

Stack: [0x00007fc478a15000,0x00007fc478b16000],  sp=0x00007fc478b141f0,  free space=1020k
Native frames: (J=compiled Java code, j=interpreted, Vv=VM code, C=native code)
V  [libjvm.so+0x992c8a]  VMError::report_and_die()+0x2ea
V  [libjvm.so+0x49319b]  report_vm_out_of_memory(char const*, int, unsigned long, char const*)+0x9b
V  [libjvm.so+0x81310e]  os::Linux::commit_memory_impl(char*, unsigned long, bool)+0xfe
V  [libjvm.so+0x8135bf]  os::Linux::commit_memory_impl(char*, unsigned long, unsigned long, bool)+0x4f
V  [libjvm.so+0x81377c]  os::pd_commit_memory(char*, unsigned long, unsigned long, bool)+0xc
V  [libjvm.so+0x80d86a]  os::commit_memory(char*, unsigned long, unsigned long, bool)+0x2a
V  [libjvm.so+0x87fa33]  PSVirtualSpace::expand_by(unsigned long)+0x53
V  [libjvm.so+0x86f040]  PSOldGen::expand(unsigned long)+0x170
V  [libjvm.so+0x86f24b]  PSOldGen::resize(unsigned long)+0x1cb
V  [libjvm.so+0x877e50]  PSParallelCompact::invoke_no_policy(bool)+0x970
V  [libjvm.so+0x87dcdd]  PSScavenge::invoke()+0x1ad
V  [libjvm.so+0x834c70]  ParallelScavengeHeap::failed_mem_allocate(unsigned long)+0x70
V  [libjvm.so+0x994527]  VM_ParallelGCFailedAllocation::doit()+0x97
V  [libjvm.so+0x99b955]  VM_Operation::evaluate()+0x55
V  [libjvm.so+0x999d8a]  VMThread::evaluate_operation(VM_Operation*)+0xba
V  [libjvm.so+0x99a10e]  VMThread::loop()+0x1ce
V  [libjvm.so+0x99a580]  VMThread::run()+0x70
V  [libjvm.so+0x815288]  java_start(Thread*)+0x108

VM_Operation (0x00007fc471f2f5c0): ParallelGCFailedAllocation, mode: safepoint, requested by thread 0x00007fc4801db800


---------------  P R O C E S S  ---------------

Java Threads: ( => current thread )
  0x00007fc4801db800 JavaThread "AWT-EventQueue-0" [_thread_blocked, id=6712, stack(0x00007fc471e32000,0x00007fc471f33000)]
  0x00007fc4801d8000 JavaThread "AWT-Shutdown" [_thread_blocked, id=6711, stack(0x00007fc471f33000,0x00007fc472034000)]
  0x00007fc48017c800 JavaThread "AWT-XAWT" daemon [_thread_blocked, id=6710, stack(0x00007fc472034000,0x00007fc472135000)]
  0x00007fc480152800 JavaThread "Java2D Disposer" daemon [_thread_blocked, id=6709, stack(0x00007fc472545000,0x00007fc472646000)]
  0x00007fc480094000 JavaThread "Service Thread" daemon [_thread_blocked, id=6705, stack(0x00007fc473dfe000,0x00007fc473eff000)]
  0x00007fc480092000 JavaThread "C2 CompilerThread1" daemon [_thread_blocked, id=6704, stack(0x00007fc473eff000,0x00007fc474000000)]
  0x00007fc48008f000 JavaThread "C2 CompilerThread0" daemon [_thread_blocked, id=6703, stack(0x00007fc4780df000,0x00007fc4781e0000)]
  0x00007fc480084800 JavaThread "Signal Dispatcher" daemon [_thread_blocked, id=6702, stack(0x00007fc4781e0000,0x00007fc4782e1000)]
  0x00007fc48006d800 JavaThread "Finalizer" daemon [_thread_blocked, id=6701, stack(0x00007fc478813000,0x00007fc478914000)]
  0x00007fc480069800 JavaThread "Reference Handler" daemon [_thread_blocked, id=6700, stack(0x00007fc478914000,0x00007fc478a15000)]
  0x00007fc480007800 JavaThread "main" [_thread_blocked, id=6694, stack(0x00007fc486734000,0x00007fc486835000)]

Other Threads:
=>0x00007fc480067000 VMThread [stack: 0x00007fc478a15000,0x00007fc478b16000] [id=6699]
  0x00007fc48009f000 WatcherThread [stack: 0x00007fc473cfd000,0x00007fc473dfe000] [id=6706]

VM state:at safepoint (normal execution)

VM Mutex/Monitor currently owned by a thread:  ([mutex/lock_event])
[0x00007fc4800059a0] ExpandHeap_lock - owner thread: 0x00007fc480067000
[0x00007fc480006020] Threads_lock - owner thread: 0x00007fc480067000
[0x00007fc480006520] Heap_lock - owner thread: 0x00007fc4801db800

Heap
 PSYoungGen      total 171008K, used 14253K [0x00000000eb900000, 0x00000000fcd80000, 0x0000000100000000)
  eden space 59904K, 0% used [0x00000000eb900000,0x00000000eb900000,0x00000000ef380000)
  from space 111104K, 12% used [0x00000000f6100000,0x00000000f6eeb470,0x00000000fcd80000)
  to   space 111616K, 0% used [0x00000000ef380000,0x00000000ef380000,0x00000000f6080000)
 ParOldGen       total 421376K, used 420877K [0x00000000c2c00000, 0x00000000dc780000, 0x00000000eb900000)
  object space 421376K, 99% used [0x00000000c2c00000,0x00000000dc703730,0x00000000dc780000)
 PSPermGen       total 21504K, used 8050K [0x00000000bda00000, 0x00000000bef00000, 0x00000000c2c00000)
  object space 21504K, 37% used [0x00000000bda00000,0x00000000be1dc948,0x00000000bef00000)

Card table byte_map: [0x00007fc48406d000,0x00007fc484281000] byte_map_base: 0x00007fc483a80000

Polling page: 0x00007fc486866000

Code Cache  [0x00007fc47c630000, 0x00007fc47c8a0000, 0x00007fc47f630000)
 total_blobs=671 nmethods=279 adapters=346 free_code_cache=48223Kb largest_free_block=49351040

Compilation events (10 events):
Event: 45,664 Thread 0x00007fc480092000  276             java.awt.Rectangle::setBounds (10 bytes)
Event: 45,665 Thread 0x00007fc480092000 nmethod 276 0x00007fc47c717e10 code [0x00007fc47c717f40, 0x00007fc47c717f98]
Event: 45,872 Thread 0x00007fc48008f000  279             java.awt.image.VolatileImage::getGraphics (5 bytes)
Event: 45,876 Thread 0x00007fc48008f000 nmethod 279 0x00007fc47c717610 code [0x00007fc47c717780, 0x00007fc47c7179d8]
Event: 46,511 Thread 0x00007fc480092000  280             java.util.HashMap::put (142 bytes)
Event: 46,515 Thread 0x00007fc480092000 nmethod 280 0x00007fc47c716e90 code [0x00007fc47c717020, 0x00007fc47c717318]
Event: 51,347 Thread 0x00007fc48008f000  281             java.awt.Component::getTreeLock (4 bytes)
Event: 51,347 Thread 0x00007fc48008f000 nmethod 281 0x00007fc47c7138d0 code [0x00007fc47c713a00, 0x00007fc47c713a58]
Event: 51,546 Thread 0x00007fc48008f000  282             sun.util.logging.PlatformLogger::finest (12 bytes)
Event: 51,548 Thread 0x00007fc48008f000 nmethod 282 0x00007fc47c70bdd0 code [0x00007fc47c70bf40, 0x00007fc47c70c0d8]

GC Heap History (10 events):
Event: 37,456 GC heap after
Heap after GC invocations=20 (full 5):
 PSYoungGen      total 147456K, used 90144K [0x00000000eb900000, 0x00000000fc600000, 0x0000000100000000)
  eden space 41472K, 0% used [0x00000000eb900000,0x00000000eb900000,0x00000000ee180000)
  from space 105984K, 85% used [0x00000000ee180000,0x00000000f3988000,0x00000000f4900000)
  to   space 111616K, 0% used [0x00000000f5900000,0x00000000f5900000,0x00000000fc600000)
 ParOldGen       total 303104K, used 247185K [0x00000000c2c00000, 0x00000000d5400000, 0x00000000eb900000)
  object space 303104K, 81% used [0x00000000c2c00000,0x00000000d1d64568,0x00000000d5400000)
 PSPermGen       total 21504K, used 7980K [0x00000000bda00000, 0x00000000bef00000, 0x00000000c2c00000)
  object space 21504K, 37% used [0x00000000bda00000,0x00000000be1cb150,0x00000000bef00000)
}
Event: 40,454 GC heap before
{Heap before GC invocations=21 (full 5):
 PSYoungGen      total 147456K, used 131616K [0x00000000eb900000, 0x00000000fc600000, 0x0000000100000000)
  eden space 41472K, 100% used [0x00000000eb900000,0x00000000ee180000,0x00000000ee180000)
  from space 105984K, 85% used [0x00000000ee180000,0x00000000f3988000,0x00000000f4900000)
  to   space 111616K, 0% used [0x00000000f5900000,0x00000000f5900000,0x00000000fc600000)
 ParOldGen       total 303104K, used 247187K [0x00000000c2c00000, 0x00000000d5400000, 0x00000000eb900000)
  object space 303104K, 81% used [0x00000000c2c00000,0x00000000d1d64ed0,0x00000000d5400000)
 PSPermGen       total 21504K, used 7980K [0x00000000bda00000, 0x00000000bef00000, 0x00000000c2c00000)
  object space 21504K, 37% used [0x00000000bda00000,0x00000000be1cb150,0x00000000bef00000)
Event: 42,028 GC heap after
Heap after GC invocations=21 (full 5):
 PSYoungGen      total 163840K, used 75872K [0x00000000eb900000, 0x00000000fc600000, 0x0000000100000000)
  eden space 52224K, 0% used [0x00000000eb900000,0x00000000eb900000,0x00000000eec00000)
  from space 111616K, 67% used [0x00000000f5900000,0x00000000fa318000,0x00000000fc600000)
  to   space 111616K, 0% used [0x00000000eec00000,0x00000000eec00000,0x00000000f5900000)
 ParOldGen       total 303104K, used 288883K [0x00000000c2c00000, 0x00000000d5400000, 0x00000000eb900000)
  object space 303104K, 95% used [0x00000000c2c00000,0x00000000d461ced0,0x00000000d5400000)
 PSPermGen       total 21504K, used 7980K [0x00000000bda00000, 0x00000000bef00000, 0x00000000c2c00000)
  object space 21504K, 37% used [0x00000000bda00000,0x00000000be1cb150,0x00000000bef00000)
}
Event: 42,028 GC heap before
{Heap before GC invocations=22 (full 6):
 PSYoungGen      total 163840K, used 75872K [0x00000000eb900000, 0x00000000fc600000, 0x0000000100000000)
  eden space 52224K, 0% used [0x00000000eb900000,0x00000000eb900000,0x00000000eec00000)
  from space 111616K, 67% used [0x00000000f5900000,0x00000000fa318000,0x00000000fc600000)
  to   space 111616K, 0% used [0x00000000eec00000,0x00000000eec00000,0x00000000f5900000)
 ParOldGen       total 303104K, used 288883K [0x00000000c2c00000, 0x00000000d5400000, 0x00000000eb900000)
  object space 303104K, 95% used [0x00000000c2c00000,0x00000000d461ced0,0x00000000d5400000)
 PSPermGen       total 21504K, used 7980K [0x00000000bda00000, 0x00000000bef00000, 0x00000000c2c00000)
  object space 21504K, 37% used [0x00000000bda00000,0x00000000be1cb150,0x00000000bef00000)
Event: 43,189 GC heap after
Heap after GC invocations=22 (full 6):
 PSYoungGen      total 163840K, used 61409K [0x00000000eb900000, 0x00000000fc600000, 0x0000000100000000)
  eden space 52224K, 0% used [0x00000000eb900000,0x00000000eb900000,0x00000000eec00000)
  from space 111616K, 55% used [0x00000000f5900000,0x00000000f94f87a0,0x00000000fc600000)
  to   space 111616K, 0% used [0x00000000eec00000,0x00000000eec00000,0x00000000f5900000)
 ParOldGen       total 421376K, used 302823K [0x00000000c2c00000, 0x00000000dc780000, 0x00000000eb900000)
  object space 421376K, 71% used [0x00000000c2c00000,0x00000000d53b9c08,0x00000000dc780000)
 PSPermGen       total 21504K, used 7980K [0x00000000bda00000, 0x00000000bef00000, 0x00000000c2c00000)
  object space 21504K, 37% used [0x00000000bda00000,0x00000000be1cb0b0,0x00000000bef00000)
}
Event: 47,622 GC heap before
{Heap before GC invocations=23 (full 6):
 PSYoungGen      total 163840K, used 113633K [0x00000000eb900000, 0x00000000fc600000, 0x0000000100000000)
  eden space 52224K, 100% used [0x00000000eb900000,0x00000000eec00000,0x00000000eec00000)
  from space 111616K, 55% used [0x00000000f5900000,0x00000000f94f87a0,0x00000000fc600000)
  to   space 111616K, 0% used [0x00000000eec00000,0x00000000eec00000,0x00000000f5900000)
 ParOldGen       total 421376K, used 302825K [0x00000000c2c00000, 0x00000000dc780000, 0x00000000eb900000)
  object space 421376K, 71% used [0x00000000c2c00000,0x00000000d53ba5e0,0x00000000dc780000)
 PSPermGen       total 21504K, used 7980K [0x00000000bda00000, 0x00000000bef00000, 0x00000000c2c00000)
  object space 21504K, 37% used [0x00000000bda00000,0x00000000be1cb0d0,0x00000000bef00000)
Event: 47,751 GC heap after
Heap after GC invocations=23 (full 6):
 PSYoungGen      total 163840K, used 63744K [0x00000000eb900000, 0x00000000fce00000, 0x0000000100000000)
  eden space 52224K, 0% used [0x00000000eb900000,0x00000000eb900000,0x00000000eec00000)
  from space 111616K, 57% used [0x00000000eec00000,0x00000000f2a40000,0x00000000f5900000)
  to   space 111616K, 0% used [0x00000000f6100000,0x00000000f6100000,0x00000000fce00000)
 ParOldGen       total 421376K, used 337449K [0x00000000c2c00000, 0x00000000dc780000, 0x00000000eb900000)
  object space 421376K, 80% used [0x00000000c2c00000,0x00000000d758a5e0,0x00000000dc780000)
 PSPermGen       total 21504K, used 7980K [0x00000000bda00000, 0x00000000bef00000, 0x00000000c2c00000)
  object space 21504K, 37% used [0x00000000bda00000,0x00000000be1cb0d0,0x00000000bef00000)
}
Event: 52,099 GC heap before
{Heap before GC invocations=24 (full 6):
 PSYoungGen      total 163840K, used 115968K [0x00000000eb900000, 0x00000000fce00000, 0x0000000100000000)
  eden space 52224K, 100% used [0x00000000eb900000,0x00000000eec00000,0x00000000eec00000)
  from space 111616K, 57% used [0x00000000eec00000,0x00000000f2a40000,0x00000000f5900000)
  to   space 111616K, 0% used [0x00000000f6100000,0x00000000f6100000,0x00000000fce00000)
 ParOldGen       total 421376K, used 337452K [0x00000000c2c00000, 0x00000000dc780000, 0x00000000eb900000)
  object space 421376K, 80% used [0x00000000c2c00000,0x00000000d758b0d8,0x00000000dc780000)
 PSPermGen       total 21504K, used 8050K [0x00000000bda00000, 0x00000000bef00000, 0x00000000c2c00000)
  object space 21504K, 37% used [0x00000000bda00000,0x00000000be1dca08,0x00000000bef00000)
Event: 52,221 GC heap after
Heap after GC invocations=24 (full 6):
 PSYoungGen      total 171008K, used 34304K [0x00000000eb900000, 0x00000000fcd80000, 0x0000000100000000)
  eden space 59904K, 0% used [0x00000000eb900000,0x00000000eb900000,0x00000000ef380000)
  from space 111104K, 30% used [0x00000000f6100000,0x00000000f8280000,0x00000000fcd80000)
  to   space 111616K, 0% used [0x00000000ef380000,0x00000000ef380000,0x00000000f6080000)
 ParOldGen       total 421376K, used 401356K [0x00000000c2c00000, 0x00000000dc780000, 0x00000000eb900000)
  object space 421376K, 95% used [0x00000000c2c00000,0x00000000db3f30d8,0x00000000dc780000)
 PSPermGen       total 21504K, used 8050K [0x00000000bda00000, 0x00000000bef00000, 0x00000000c2c00000)
  object space 21504K, 37% used [0x00000000bda00000,0x00000000be1dca08,0x00000000bef00000)
}
Event: 52,221 GC heap before
{Heap before GC invocations=25 (full 7):
 PSYoungGen      total 171008K, used 34304K [0x00000000eb900000, 0x00000000fcd80000, 0x0000000100000000)
  eden space 59904K, 0% used [0x00000000eb900000,0x00000000eb900000,0x00000000ef380000)
  from space 111104K, 30% used [0x00000000f6100000,0x00000000f8280000,0x00000000fcd80000)
  to   space 111616K, 0% used [0x00000000ef380000,0x00000000ef380000,0x00000000f6080000)
 ParOldGen       total 421376K, used 401356K [0x00000000c2c00000, 0x00000000dc780000, 0x00000000eb900000)
  object space 421376K, 95% used [0x00000000c2c00000,0x00000000db3f30d8,0x00000000dc780000)
 PSPermGen       total 21504K, used 8050K [0x00000000bda00000, 0x00000000bef00000, 0x00000000c2c00000)
  object space 21504K, 37% used [0x00000000bda00000,0x00000000be1dca08,0x00000000bef00000)

Deoptimization events (9 events):
Event: 14,820 Thread 0x00007fc480007800 Uncommon trap: reason=unreached action=reinterpret pc=0x00007fc47c6b6f0c method=core.Graphe.<init>(Ljava/lang/String;Ljava/io/DataInputStream;Lbase/Dessin;)V @ 243
Event: 15,748 Thread 0x00007fc480007800 Uncommon trap: reason=unreached action=reinterpret pc=0x00007fc47c6bf9b8 method=core.Graphe.<init>(Ljava/lang/String;Ljava/io/DataInputStream;Lbase/Dessin;)V @ 542
Event: 18,009 Thread 0x00007fc480007800 Uncommon trap: reason=unreached action=reinterpret pc=0x00007fc47c6c4d08 method=sun.awt.AppContext.get(Ljava/lang/Object;)Ljava/lang/Object; @ 21
Event: 48,379 Thread 0x00007fc48017c800 Uncommon trap: reason=unreached action=reinterpret pc=0x00007fc47c6bee40 method=java.util.HashMap.getEntry(Ljava/lang/Object;)Ljava/util/HashMap$Entry; @ 58
Event: 48,416 Thread 0x00007fc48017c800 Uncommon trap: reason=unreached action=reinterpret pc=0x00007fc47c6bd284 method=java.util.HashMap.getEntry(Ljava/lang/Object;)Ljava/util/HashMap$Entry; @ 58
Event: 49,552 Thread 0x00007fc48017c800 Uncommon trap: reason=class_check action=maybe_recompile pc=0x00007fc47c717294 method=java.util.HashMap.put(Ljava/lang/Object;Ljava/lang/Object;)Ljava/lang/Object; @ 137
Event: 49,553 Thread 0x00007fc48017c800 Uncommon trap: reason=class_check action=maybe_recompile pc=0x00007fc47c717294 method=java.util.HashMap.put(Ljava/lang/Object;Ljava/lang/Object;)Ljava/lang/Object; @ 137
Event: 49,619 Thread 0x00007fc4801db800 Uncommon trap: reason=unreached action=reinterpret pc=0x00007fc47c6f5470 method=sun.awt.PostEventQueue.flush()V @ 21
Event: 49,619 Thread 0x00007fc4801db800 Uncommon trap: reason=unreached action=reinterpret pc=0x00007fc47c6c0e7c method=java.awt.EventQueue.getNextEventPrivate()Ljava/awt/AWTEvent; @ 45

Internal exceptions (10 events):
Event: 5,769 Thread 0x00007fc480007800 Threw 0x00000000ebc14828 at /HUDSON/workspace/7u-2-build-linux-amd64/jdk7u45/229/hotspot/src/share/vm/prims/jvm.cpp:1244
Event: 5,772 Thread 0x00007fc480007800 Threw 0x00000000ebc17d38 at /HUDSON/workspace/7u-2-build-linux-amd64/jdk7u45/229/hotspot/src/share/vm/prims/jvm.cpp:1244
Event: 5,817 Thread 0x00007fc480007800 Threw 0x00000000ebc1b110 at /HUDSON/workspace/7u-2-build-linux-amd64/jdk7u45/229/hotspot/src/share/vm/prims/jvm.cpp:1244
Event: 5,882 Thread 0x00007fc4801db800 Threw 0x00000000ebba6700 at /HUDSON/workspace/7u-2-build-linux-amd64/jdk7u45/229/hotspot/src/share/vm/prims/jvm.cpp:1244
Event: 5,882 Thread 0x00007fc4801db800 Threw 0x00000000ebba6928 at /HUDSON/workspace/7u-2-build-linux-amd64/jdk7u45/229/hotspot/src/share/vm/prims/jvm.cpp:1244
Event: 5,883 Thread 0x00007fc4801db800 Threw 0x00000000ebba8d98 at /HUDSON/workspace/7u-2-build-linux-amd64/jdk7u45/229/hotspot/src/share/vm/prims/jvm.cpp:1244
Event: 5,883 Thread 0x00007fc4801db800 Threw 0x00000000ebba8fc0 at /HUDSON/workspace/7u-2-build-linux-amd64/jdk7u45/229/hotspot/src/share/vm/prims/jvm.cpp:1244
Event: 5,940 Thread 0x00007fc4801db800 Threw 0x00000000ebba9dc8 at /HUDSON/workspace/7u-2-build-linux-amd64/jdk7u45/229/hotspot/src/share/vm/prims/jni.cpp:743
Event: 16,044 Thread 0x00007fc480007800 Threw 0x00000000ed32d6c8 at /HUDSON/workspace/7u-2-build-linux-amd64/jdk7u45/229/hotspot/src/share/vm/prims/jvm.cpp:1244
Event: 17,725 Thread 0x00007fc480007800 Threw 0x00000000ed32f9d0 at /HUDSON/workspace/7u-2-build-linux-amd64/jdk7u45/229/hotspot/src/share/vm/prims/jvm.cpp:1244

Events (10 events):
Event: 49,713 loading class 0x00007fc4800c8420 done
Event: 49,713 loading class 0x00007fc4800da120
Event: 49,714 loading class 0x00007fc4800da120 done
Event: 49,728 loading class 0x00007fc4800c48d0
Event: 49,734 loading class 0x00007fc4800c48d0 done
Event: 49,753 loading class 0x00007fc48009a690
Event: 49,770 loading class 0x00007fc48009a690 done
Event: 49,770 loading class 0x00007fc4800feb10
Event: 49,773 loading class 0x00007fc4800feb10 done
Event: 52,099 Executing VM operation: ParallelGCFailedAllocation


Dynamic libraries:
00400000-00401000 r-xp 00000000 00:1f 1802319                            /usr/local/jdk1.7.0_45_x64/bin/java
00600000-00601000 rw-p 00000000 00:1f 1802319                            /usr/local/jdk1.7.0_45_x64/bin/java
00e33000-00e54000 rw-p 00000000 00:00 0                                  [heap]
bda00000-bef00000 rw-p 00000000 00:00 0 
bef00000-c2c00000 rw-p 00000000 00:00 0 
c2c00000-dc780000 rw-p 00000000 00:00 0 
e5b80000-eb900000 rw-p 00000000 00:00 0 
eb900000-fcd80000 rw-p 00000000 00:00 0 
fcd80000-fce00000 ---p 00000000 00:00 0 
fce00000-100000000 rw-p 00000000 00:00 0 
7fc42c000000-7fc42c021000 rw-p 00000000 00:00 0 
7fc42c021000-7fc430000000 ---p 00000000 00:00 0 
7fc434000000-7fc434022000 rw-p 00000000 00:00 0 
7fc434022000-7fc438000000 ---p 00000000 00:00 0 
7fc438000000-7fc438021000 rw-p 00000000 00:00 0 
7fc438021000-7fc43c000000 ---p 00000000 00:00 0 
7fc43c000000-7fc43c021000 rw-p 00000000 00:00 0 
7fc43c021000-7fc440000000 ---p 00000000 00:00 0 
7fc440000000-7fc440021000 rw-p 00000000 00:00 0 
7fc440021000-7fc444000000 ---p 00000000 00:00 0 
7fc444000000-7fc44462f000 rw-p 00000000 00:00 0 
7fc44462f000-7fc448000000 ---p 00000000 00:00 0 
7fc448000000-7fc448021000 rw-p 00000000 00:00 0 
7fc448021000-7fc44c000000 ---p 00000000 00:00 0 
7fc44c000000-7fc44c021000 rw-p 00000000 00:00 0 
7fc44c021000-7fc450000000 ---p 00000000 00:00 0 
7fc450000000-7fc4504de000 rw-p 00000000 00:00 0 
7fc4504de000-7fc454000000 ---p 00000000 00:00 0 
7fc454000000-7fc454021000 rw-p 00000000 00:00 0 
7fc454021000-7fc458000000 ---p 00000000 00:00 0 
7fc458000000-7fc458021000 rw-p 00000000 00:00 0 
7fc458021000-7fc45c000000 ---p 00000000 00:00 0 
7fc45c000000-7fc45c591000 rw-p 00000000 00:00 0 
7fc45c591000-7fc460000000 ---p 00000000 00:00 0 
7fc460000000-7fc460021000 rw-p 00000000 00:00 0 
7fc460021000-7fc464000000 ---p 00000000 00:00 0 
7fc464000000-7fc464216000 rw-p 00000000 00:00 0 
7fc464216000-7fc468000000 ---p 00000000 00:00 0 
7fc46c000000-7fc46c34a000 rw-p 00000000 00:00 0 
7fc46c34a000-7fc470000000 ---p 00000000 00:00 0 
7fc4719f1000-7fc471c36000 rw-p 00000000 00:00 0 
7fc471c36000-7fc471e32000 rw-s 00000000 00:04 3178512                    /SYSV00000000 (deleted)
7fc471e32000-7fc471e35000 ---p 00000000 00:00 0 
7fc471e35000-7fc471f33000 rw-p 00000000 00:00 0                          [stack:6712]
7fc471f33000-7fc471f36000 ---p 00000000 00:00 0 
7fc471f36000-7fc472034000 rw-p 00000000 00:00 0                          [stack:6711]
7fc472034000-7fc472037000 ---p 00000000 00:00 0 
7fc472037000-7fc472135000 rw-p 00000000 00:00 0                          [stack:6710]
7fc472135000-7fc47213a000 r-xp 00000000 08:06 2435093                    /usr/lib/x86_64-linux-gnu/libXfixes.so.3.1.0
7fc47213a000-7fc472339000 ---p 00005000 08:06 2435093                    /usr/lib/x86_64-linux-gnu/libXfixes.so.3.1.0
7fc472339000-7fc47233a000 r--p 00004000 08:06 2435093                    /usr/lib/x86_64-linux-gnu/libXfixes.so.3.1.0
7fc47233a000-7fc47233b000 rw-p 00005000 08:06 2435093                    /usr/lib/x86_64-linux-gnu/libXfixes.so.3.1.0
7fc47233b000-7fc472344000 r-xp 00000000 08:06 2435095                    /usr/lib/x86_64-linux-gnu/libXcursor.so.1.0.2
7fc472344000-7fc472543000 ---p 00009000 08:06 2435095                    /usr/lib/x86_64-linux-gnu/libXcursor.so.1.0.2
7fc472543000-7fc472544000 r--p 00008000 08:06 2435095                    /usr/lib/x86_64-linux-gnu/libXcursor.so.1.0.2
7fc472544000-7fc472545000 rw-p 00009000 08:06 2435095                    /usr/lib/x86_64-linux-gnu/libXcursor.so.1.0.2
7fc472545000-7fc472548000 ---p 00000000 00:00 0 
7fc472548000-7fc472646000 rw-p 00000000 00:00 0                          [stack:6709]
7fc472646000-7fc47264b000 r-xp 00000000 08:06 2435001                    /usr/lib/x86_64-linux-gnu/libXdmcp.so.6.0.0
7fc47264b000-7fc47284a000 ---p 00005000 08:06 2435001                    /usr/lib/x86_64-linux-gnu/libXdmcp.so.6.0.0
7fc47284a000-7fc47284b000 r--p 00004000 08:06 2435001                    /usr/lib/x86_64-linux-gnu/libXdmcp.so.6.0.0
7fc47284b000-7fc47284c000 rw-p 00005000 08:06 2435001                    /usr/lib/x86_64-linux-gnu/libXdmcp.so.6.0.0
7fc47284c000-7fc47284e000 r-xp 00000000 08:06 2434998                    /usr/lib/x86_64-linux-gnu/libXau.so.6.0.0
7fc47284e000-7fc472a4e000 ---p 00002000 08:06 2434998                    /usr/lib/x86_64-linux-gnu/libXau.so.6.0.0
7fc472a4e000-7fc472a4f000 r--p 00002000 08:06 2434998                    /usr/lib/x86_64-linux-gnu/libXau.so.6.0.0
7fc472a4f000-7fc472a50000 rw-p 00003000 08:06 2434998                    /usr/lib/x86_64-linux-gnu/libXau.so.6.0.0
7fc472a50000-7fc472a6d000 r-xp 00000000 08:06 2435003                    /usr/lib/x86_64-linux-gnu/libxcb.so.1.1.0
7fc472a6d000-7fc472c6d000 ---p 0001d000 08:06 2435003                    /usr/lib/x86_64-linux-gnu/libxcb.so.1.1.0
7fc472c6d000-7fc472c6e000 r--p 0001d000 08:06 2435003                    /usr/lib/x86_64-linux-gnu/libxcb.so.1.1.0
7fc472c6e000-7fc472c6f000 rw-p 0001e000 08:06 2435003                    /usr/lib/x86_64-linux-gnu/libxcb.so.1.1.0
7fc472c6f000-7fc472c7e000 r-xp 00000000 08:06 2435099                    /usr/lib/x86_64-linux-gnu/libXi.so.6.1.0
7fc472c7e000-7fc472e7d000 ---p 0000f000 08:06 2435099                    /usr/lib/x86_64-linux-gnu/libXi.so.6.1.0
7fc472e7d000-7fc472e7e000 r--p 0000e000 08:06 2435099                    /usr/lib/x86_64-linux-gnu/libXi.so.6.1.0
7fc472e7e000-7fc472e7f000 rw-p 0000f000 08:06 2435099                    /usr/lib/x86_64-linux-gnu/libXi.so.6.1.0
7fc472e7f000-7fc472e84000 r-xp 00000000 08:06 2436077                    /usr/lib/x86_64-linux-gnu/libXtst.so.6.1.0
7fc472e84000-7fc473083000 ---p 00005000 08:06 2436077                    /usr/lib/x86_64-linux-gnu/libXtst.so.6.1.0
7fc473083000-7fc473084000 r--p 00004000 08:06 2436077                    /usr/lib/x86_64-linux-gnu/libXtst.so.6.1.0
7fc473084000-7fc473085000 rw-p 00005000 08:06 2436077                    /usr/lib/x86_64-linux-gnu/libXtst.so.6.1.0
7fc473085000-7fc47308e000 r-xp 00000000 08:06 2435066                    /usr/lib/x86_64-linux-gnu/libXrender.so.1.3.0
7fc47308e000-7fc47328d000 ---p 00009000 08:06 2435066                    /usr/lib/x86_64-linux-gnu/libXrender.so.1.3.0
7fc47328d000-7fc47328e000 r--p 00008000 08:06 2435066                    /usr/lib/x86_64-linux-gnu/libXrender.so.1.3.0
7fc47328e000-7fc47328f000 rw-p 00009000 08:06 2435066                    /usr/lib/x86_64-linux-gnu/libXrender.so.1.3.0
7fc47328f000-7fc4733bf000 r-xp 00000000 08:06 2435005                    /usr/lib/x86_64-linux-gnu/libX11.so.6.3.0
7fc4733bf000-7fc4735bf000 ---p 00130000 08:06 2435005                    /usr/lib/x86_64-linux-gnu/libX11.so.6.3.0
7fc4735bf000-7fc4735c0000 r--p 00130000 08:06 2435005                    /usr/lib/x86_64-linux-gnu/libX11.so.6.3.0
7fc4735c0000-7fc4735c4000 rw-p 00131000 08:06 2435005                    /usr/lib/x86_64-linux-gnu/libX11.so.6.3.0
7fc4735c4000-7fc4735d5000 r-xp 00000000 08:06 2435009                    /usr/lib/x86_64-linux-gnu/libXext.so.6.4.0
7fc4735d5000-7fc4737d4000 ---p 00011000 08:06 2435009                    /usr/lib/x86_64-linux-gnu/libXext.so.6.4.0
7fc4737d4000-7fc4737d5000 r--p 00010000 08:06 2435009                    /usr/lib/x86_64-linux-gnu/libXext.so.6.4.0
7fc4737d5000-7fc4737d6000 rw-p 00011000 08:06 2435009                    /usr/lib/x86_64-linux-gnu/libXext.so.6.4.0
7fc4737d6000-7fc473826000 r-xp 00000000 00:1f 1877720                    /usr/local/jdk1.7.0_45_x64/jre/lib/amd64/xawt/libmawt.so
7fc473826000-7fc473a26000 ---p 00050000 00:1f 1877720                    /usr/local/jdk1.7.0_45_x64/jre/lib/amd64/xawt/libmawt.so
7fc473a26000-7fc473a2a000 rw-p 00050000 00:1f 1877720                    /usr/local/jdk1.7.0_45_x64/jre/lib/amd64/xawt/libmawt.so
7fc473a2a000-7fc473a2b000 rw-p 00000000 00:00 0 
7fc473a2b000-7fc473acd000 r-xp 00000000 00:1f 2056690                    /usr/local/jdk1.7.0_45_x64/jre/lib/amd64/libawt.so
7fc473acd000-7fc473ccd000 ---p 000a2000 00:1f 2056690                    /usr/local/jdk1.7.0_45_x64/jre/lib/amd64/libawt.so
7fc473ccd000-7fc473cd9000 rw-p 000a2000 00:1f 2056690                    /usr/local/jdk1.7.0_45_x64/jre/lib/amd64/libawt.so
7fc473cd9000-7fc473cfd000 rw-p 00000000 00:00 0 
7fc473cfd000-7fc473cfe000 ---p 00000000 00:00 0 
7fc473cfe000-7fc473dfe000 rw-p 00000000 00:00 0                          [stack:6706]
7fc473dfe000-7fc473e01000 ---p 00000000 00:00 0 
7fc473e01000-7fc473eff000 rw-p 00000000 00:00 0                          [stack:6705]
7fc473eff000-7fc473f02000 ---p 00000000 00:00 0 
7fc473f02000-7fc474000000 rw-p 00000000 00:00 0                          [stack:6704]
7fc474000000-7fc47422c000 rw-p 00000000 00:00 0 
7fc47422c000-7fc478000000 ---p 00000000 00:00 0 
7fc4780b9000-7fc4780df000 r--p 00000000 08:06 2654792                    /usr/share/locale-langpack/fr/LC_MESSAGES/libc.mo
7fc4780df000-7fc4780e2000 ---p 00000000 00:00 0 
7fc4780e2000-7fc4781e0000 rw-p 00000000 00:00 0                          [stack:6703]
7fc4781e0000-7fc4781e3000 ---p 00000000 00:00 0 
7fc4781e3000-7fc4782e1000 rw-p 00000000 00:00 0                          [stack:6702]
7fc4782e1000-7fc478813000 r--p 00000000 08:06 2437015                    /usr/lib/locale/locale-archive
7fc478813000-7fc478816000 ---p 00000000 00:00 0 
7fc478816000-7fc478914000 rw-p 00000000 00:00 0                          [stack:6701]
7fc478914000-7fc478917000 ---p 00000000 00:00 0 
7fc478917000-7fc478a15000 rw-p 00000000 00:00 0                          [stack:6700]
7fc478a15000-7fc478a16000 ---p 00000000 00:00 0 
7fc478a16000-7fc479b15000 rw-p 00000000 00:00 0                          [stack:6699]
7fc479b15000-7fc479cd1000 r--s 039b2000 00:1f 1604839                    /usr/local/jdk1.7.0_45_x64/jre/lib/rt.jar
7fc479cd1000-7fc47c0e5000 rw-p 00000000 00:00 0 
7fc47c0e5000-7fc47c0e6000 ---p 00000000 00:00 0 
7fc47c0e6000-7fc47c1e6000 rw-p 00000000 00:00 0                          [stack:6698]
7fc47c1e6000-7fc47c1e7000 ---p 00000000 00:00 0 
7fc47c1e7000-7fc47c2e7000 rw-p 00000000 00:00 0                          [stack:6697]
7fc47c2e7000-7fc47c2e8000 ---p 00000000 00:00 0 
7fc47c2e8000-7fc47c3e8000 rw-p 00000000 00:00 0                          [stack:6696]
7fc47c3e8000-7fc47c3e9000 ---p 00000000 00:00 0 
7fc47c3e9000-7fc47c5b7000 rw-p 00000000 00:00 0                          [stack:6695]
7fc47c5b7000-7fc47c630000 rw-p 00000000 00:00 0 
7fc47c630000-7fc47c8a0000 rwxp 00000000 00:00 0 
7fc47c8a0000-7fc47f630000 rw-p 00000000 00:00 0 
7fc47f630000-7fc480000000 r--s 00000000 08:06 3702967                    /var/cache/nscd/passwd
7fc480000000-7fc4801f5000 rw-p 00000000 00:00 0 
7fc4801f5000-7fc484000000 ---p 00000000 00:00 0 
7fc48400c000-7fc48404f000 rw-p 00000000 00:00 0 
7fc48404f000-7fc48406d000 rw-p 00000000 00:00 0 
7fc48406d000-7fc484078000 rw-p 00000000 00:00 0 
7fc484078000-7fc484096000 rw-p 00000000 00:00 0 
7fc484096000-7fc484164000 rw-p 00000000 00:00 0 
7fc484164000-7fc4841dc000 rw-p 00000000 00:00 0 
7fc4841dc000-7fc484267000 rw-p 00000000 00:00 0 
7fc484267000-7fc484280000 rw-p 00000000 00:00 0 
7fc484280000-7fc484281000 rw-p 00000000 00:00 0 
7fc484281000-7fc48429b000 r-xp 00000000 00:1f 1026768                    /usr/local/jdk1.7.0_45_x64/jre/lib/amd64/libzip.so
7fc48429b000-7fc48449b000 ---p 0001a000 00:1f 1026768                    /usr/local/jdk1.7.0_45_x64/jre/lib/amd64/libzip.so
7fc48449b000-7fc48449c000 rw-p 0001a000 00:1f 1026768                    /usr/local/jdk1.7.0_45_x64/jre/lib/amd64/libzip.so
7fc48449c000-7fc4844c5000 r-xp 00000000 00:1f 1881228                    /usr/local/jdk1.7.0_45_x64/jre/lib/amd64/libjava.so
7fc4844c5000-7fc4846c5000 ---p 00029000 00:1f 1881228                    /usr/local/jdk1.7.0_45_x64/jre/lib/amd64/libjava.so
7fc4846c5000-7fc4846c7000 rw-p 00029000 00:1f 1881228                    /usr/local/jdk1.7.0_45_x64/jre/lib/amd64/libjava.so
7fc4846c7000-7fc4846d4000 r-xp 00000000 00:1f 1026767                    /usr/local/jdk1.7.0_45_x64/jre/lib/amd64/libverify.so
7fc4846d4000-7fc4848d3000 ---p 0000d000 00:1f 1026767                    /usr/local/jdk1.7.0_45_x64/jre/lib/amd64/libverify.so
7fc4848d3000-7fc4848d5000 rw-p 0000c000 00:1f 1026767                    /usr/local/jdk1.7.0_45_x64/jre/lib/amd64/libverify.so
7fc4848d5000-7fc4848dc000 r-xp 00000000 08:06 279220                     /lib/x86_64-linux-gnu/librt-2.19.so
7fc4848dc000-7fc484adb000 ---p 00007000 08:06 279220                     /lib/x86_64-linux-gnu/librt-2.19.so
7fc484adb000-7fc484adc000 r--p 00006000 08:06 279220                     /lib/x86_64-linux-gnu/librt-2.19.so
7fc484adc000-7fc484add000 rw-p 00007000 08:06 279220                     /lib/x86_64-linux-gnu/librt-2.19.so
7fc484add000-7fc484be2000 r-xp 00000000 08:06 278794                     /lib/x86_64-linux-gnu/libm-2.19.so
7fc484be2000-7fc484de1000 ---p 00105000 08:06 278794                     /lib/x86_64-linux-gnu/libm-2.19.so
7fc484de1000-7fc484de2000 r--p 00104000 08:06 278794                     /lib/x86_64-linux-gnu/libm-2.19.so
7fc484de2000-7fc484de3000 rw-p 00105000 08:06 278794                     /lib/x86_64-linux-gnu/libm-2.19.so
7fc484de3000-7fc485945000 r-xp 00000000 00:1f 1026772                    /usr/local/jdk1.7.0_45_x64/jre/lib/amd64/server/libjvm.so
7fc485945000-7fc485b45000 ---p 00b62000 00:1f 1026772                    /usr/local/jdk1.7.0_45_x64/jre/lib/amd64/server/libjvm.so
7fc485b45000-7fc485c08000 rw-p 00b62000 00:1f 1026772                    /usr/local/jdk1.7.0_45_x64/jre/lib/amd64/server/libjvm.so
7fc485c08000-7fc485c49000 rw-p 00000000 00:00 0 
7fc485c49000-7fc485e04000 r-xp 00000000 08:06 279221                     /lib/x86_64-linux-gnu/libc-2.19.so
7fc485e04000-7fc486003000 ---p 001bb000 08:06 279221                     /lib/x86_64-linux-gnu/libc-2.19.so
7fc486003000-7fc486007000 r--p 001ba000 08:06 279221                     /lib/x86_64-linux-gnu/libc-2.19.so
7fc486007000-7fc486009000 rw-p 001be000 08:06 279221                     /lib/x86_64-linux-gnu/libc-2.19.so
7fc486009000-7fc48600e000 rw-p 00000000 00:00 0 
7fc48600e000-7fc486011000 r-xp 00000000 08:06 278822                     /lib/x86_64-linux-gnu/libdl-2.19.so
7fc486011000-7fc486210000 ---p 00003000 08:06 278822                     /lib/x86_64-linux-gnu/libdl-2.19.so
7fc486210000-7fc486211000 r--p 00002000 08:06 278822                     /lib/x86_64-linux-gnu/libdl-2.19.so
7fc486211000-7fc486212000 rw-p 00003000 08:06 278822                     /lib/x86_64-linux-gnu/libdl-2.19.so
7fc486212000-7fc486228000 r-xp 00000000 00:1f 577104                     /usr/local/jdk1.7.0_45_x64/lib/amd64/jli/libjli.so
7fc486228000-7fc486428000 ---p 00016000 00:1f 577104                     /usr/local/jdk1.7.0_45_x64/lib/amd64/jli/libjli.so
7fc486428000-7fc486429000 rw-p 00016000 00:1f 577104                     /usr/local/jdk1.7.0_45_x64/lib/amd64/jli/libjli.so
7fc486429000-7fc486442000 r-xp 00000000 08:06 279028                     /lib/x86_64-linux-gnu/libpthread-2.19.so
7fc486442000-7fc486641000 ---p 00019000 08:06 279028                     /lib/x86_64-linux-gnu/libpthread-2.19.so
7fc486641000-7fc486642000 r--p 00018000 08:06 279028                     /lib/x86_64-linux-gnu/libpthread-2.19.so
7fc486642000-7fc486643000 rw-p 00019000 08:06 279028                     /lib/x86_64-linux-gnu/libpthread-2.19.so
7fc486643000-7fc486647000 rw-p 00000000 00:00 0 
7fc486647000-7fc48666a000 r-xp 00000000 08:06 279210                     /lib/x86_64-linux-gnu/ld-2.19.so
7fc486674000-7fc48667e000 rw-p 00000000 00:00 0 
7fc48667e000-7fc486734000 rw-p 00000000 00:00 0 
7fc486734000-7fc486737000 ---p 00000000 00:00 0 
7fc486737000-7fc486839000 rw-p 00000000 00:00 0                          [stack:6694]
7fc486841000-7fc486848000 r--s 00000000 08:06 2436990                    /usr/lib/x86_64-linux-gnu/gconv/gconv-modules.cache
7fc486848000-7fc48685d000 rw-p 00000000 00:00 0 
7fc48685d000-7fc486865000 rw-s 00000000 08:06 65604                      /tmp/hsperfdata_bfoucher/6688
7fc486865000-7fc486866000 rw-p 00000000 00:00 0 
7fc486866000-7fc486867000 ---p 00000000 00:00 0 
7fc486867000-7fc486869000 rw-p 00000000 00:00 0 
7fc486869000-7fc48686a000 r--p 00022000 08:06 279210                     /lib/x86_64-linux-gnu/ld-2.19.so
7fc48686a000-7fc48686b000 rw-p 00023000 08:06 279210                     /lib/x86_64-linux-gnu/ld-2.19.so
7fc48686b000-7fc48686c000 rw-p 00000000 00:00 0 
7ffee342c000-7ffee344d000 rw-p 00000000 00:00 0                          [stack]
7ffee34be000-7ffee34c0000 r-xp 00000000 00:00 0                          [vdso]
ffffffffff600000-ffffffffff601000 r-xp 00000000 00:00 0                  [vsyscall]

VM Arguments:
jvm_args: -Dfile.encoding=UTF-8 
java_command: base.Launch
Launcher Type: SUN_STANDARD

Environment Variables:
PATH=/usr/local/sbin:/usr/local/bin:/usr/sbin:/usr/bin:/sbin:/bin:/usr/games
SHELL=/bin/bash
DISPLAY=:0.0

Signal Handlers:
SIGSEGV: [libjvm.so+0x9935b0], sa_mask[0]=0x7ffbfeff, sa_flags=0x10000004
SIGBUS: [libjvm.so+0x9935b0], sa_mask[0]=0x7ffbfeff, sa_flags=0x10000004
SIGFPE: [libjvm.so+0x810330], sa_mask[0]=0x7ffbfeff, sa_flags=0x10000004
SIGPIPE: [libjvm.so+0x810330], sa_mask[0]=0x7ffbfeff, sa_flags=0x10000004
SIGXFSZ: [libjvm.so+0x810330], sa_mask[0]=0x7ffbfeff, sa_flags=0x10000004
SIGILL: [libjvm.so+0x810330], sa_mask[0]=0x7ffbfeff, sa_flags=0x10000004
SIGUSR1: SIG_DFL, sa_mask[0]=0x00000000, sa_flags=0x00000000
SIGUSR2: [libjvm.so+0x811820], sa_mask[0]=0x00000004, sa_flags=0x10000004
SIGHUP: [libjvm.so+0x812790], sa_mask[0]=0x7ffbfeff, sa_flags=0x10000004
SIGINT: [libjvm.so+0x812790], sa_mask[0]=0x7ffbfeff, sa_flags=0x10000004
SIGTERM: [libjvm.so+0x812790], sa_mask[0]=0x7ffbfeff, sa_flags=0x10000004
SIGQUIT: [libjvm.so+0x812790], sa_mask[0]=0x7ffbfeff, sa_flags=0x10000004


---------------  S Y S T E M  ---------------

OS:jessie/sid

uname:Linux 3.13.0-85-generic #129-Ubuntu SMP Thu Mar 17 20:50:15 UTC 2016 x86_64
libc:glibc 2.19 NPTL 2.19 
rlimit: STACK 8192k, CORE 0k, NPROC 31099, NOFILE 4096, AS infinity
load average:3,20 0,98 0,67

/proc/meminfo:
MemTotal:        4012308 kB
MemFree:          132728 kB
Buffers:             428 kB
Cached:            33292 kB
SwapCached:        26264 kB
Active:          2962768 kB
Inactive:         759756 kB
Active(anon):    2949992 kB
Inactive(anon):   743132 kB
Active(file):      12776 kB
Inactive(file):    16624 kB
Unevictable:          48 kB
Mlocked:              48 kB
SwapTotal:       4095996 kB
SwapFree:          54436 kB
Dirty:               180 kB
Writeback:             0 kB
AnonPages:       3662776 kB
Mapped:            18184 kB
Shmem:              4156 kB
Slab:              55800 kB
SReclaimable:      24864 kB
SUnreclaim:        30936 kB
KernelStack:        5768 kB
PageTables:        41832 kB
NFS_Unstable:          0 kB
Bounce:                0 kB
WritebackTmp:          0 kB
CommitLimit:     6102148 kB
Committed_AS:   11550264 kB
VmallocTotal:   34359738367 kB
VmallocUsed:      132200 kB
VmallocChunk:   34359599940 kB
HardwareCorrupted:     0 kB
AnonHugePages:   1904640 kB
HugePages_Total:       0
HugePages_Free:        0
HugePages_Rsvd:        0
HugePages_Surp:        0
Hugepagesize:       2048 kB
DirectMap4k:       98688 kB
DirectMap2M:     4061184 kB


CPU:total 4 (4 cores per cpu, 1 threads per core) family 6 model 30 stepping 5, cmov, cx8, fxsr, mmx, sse, sse2, sse3, ssse3, sse4.1, sse4.2, popcnt, tsc, tscinvbit

/proc/cpuinfo:
processor	: 0
vendor_id	: GenuineIntel
cpu family	: 6
model		: 30
model name	: Intel(R) Core(TM) i5 CPU         760  @ 2.80GHz
stepping	: 5
microcode	: 0x4
cpu MHz		: 2801.000
cache size	: 8192 KB
physical id	: 0
siblings	: 4
core id		: 0
cpu cores	: 4
apicid		: 0
initial apicid	: 0
fpu		: yes
fpu_exception	: yes
cpuid level	: 11
wp		: yes
flags		: fpu vme de pse tsc msr pae mce cx8 apic sep mtrr pge mca cmov pat pse36 clflush dts acpi mmx fxsr sse sse2 ss ht tm pbe syscall nx rdtscp lm constant_tsc arch_perfmon pebs bts rep_good nopl xtopology nonstop_tsc aperfmperf pni dtes64 monitor ds_cpl vmx smx est tm2 ssse3 cx16 xtpr pdcm sse4_1 sse4_2 popcnt lahf_lm ida dtherm tpr_shadow vnmi flexpriority ept vpid
bogomips	: 5619.46
clflush size	: 64
cache_alignment	: 64
address sizes	: 36 bits physical, 48 bits virtual
power management:

processor	: 1
vendor_id	: GenuineIntel
cpu family	: 6
model		: 30
model name	: Intel(R) Core(TM) i5 CPU         760  @ 2.80GHz
stepping	: 5
microcode	: 0x4
cpu MHz		: 1200.000
cache size	: 8192 KB
physical id	: 0
siblings	: 4
core id		: 1
cpu cores	: 4
apicid		: 2
initial apicid	: 2
fpu		: yes
fpu_exception	: yes
cpuid level	: 11
wp		: yes
flags		: fpu vme de pse tsc msr pae mce cx8 apic sep mtrr pge mca cmov pat pse36 clflush dts acpi mmx fxsr sse sse2 ss ht tm pbe syscall nx rdtscp lm constant_tsc arch_perfmon pebs bts rep_good nopl xtopology nonstop_tsc aperfmperf pni dtes64 monitor ds_cpl vmx smx est tm2 ssse3 cx16 xtpr pdcm sse4_1 sse4_2 popcnt lahf_lm ida dtherm tpr_shadow vnmi flexpriority ept vpid
bogomips	: 5619.46
clflush size	: 64
cache_alignment	: 64
address sizes	: 36 bits physical, 48 bits virtual
power management:

processor	: 2
vendor_id	: GenuineIntel
cpu family	: 6
model		: 30
model name	: Intel(R) Core(TM) i5 CPU         760  @ 2.80GHz
stepping	: 5
microcode	: 0x4
cpu MHz		: 1333.000
cache size	: 8192 KB
physical id	: 0
siblings	: 4
core id		: 2
cpu cores	: 4
apicid		: 4
initial apicid	: 4
fpu		: yes
fpu_exception	: yes
cpuid level	: 11
wp		: yes
flags		: fpu vme de pse tsc msr pae mce cx8 apic sep mtrr pge mca cmov pat pse36 clflush dts acpi mmx fxsr sse sse2 ss ht tm pbe syscall nx rdtscp lm constant_tsc arch_perfmon pebs bts rep_good nopl xtopology nonstop_tsc aperfmperf pni dtes64 monitor ds_cpl vmx smx est tm2 ssse3 cx16 xtpr pdcm sse4_1 sse4_2 popcnt lahf_lm ida dtherm tpr_shadow vnmi flexpriority ept vpid
bogomips	: 5619.46
clflush size	: 64
cache_alignment	: 64
address sizes	: 36 bits physical, 48 bits virtual
power management:

processor	: 3
vendor_id	: GenuineIntel
cpu family	: 6
model		: 30
model name	: Intel(R) Core(TM) i5 CPU         760  @ 2.80GHz
stepping	: 5
microcode	: 0x4
cpu MHz		: 1200.000
cache size	: 8192 KB
physical id	: 0
siblings	: 4
core id		: 3
cpu cores	: 4
apicid		: 6
initial apicid	: 6
fpu		: yes
fpu_exception	: yes
cpuid level	: 11
wp		: yes
flags		: fpu vme de pse tsc msr pae mce cx8 apic sep mtrr pge mca cmov pat pse36 clflush dts acpi mmx fxsr sse sse2 ss ht tm pbe syscall nx rdtscp lm constant_tsc arch_perfmon pebs bts rep_good nopl xtopology nonstop_tsc aperfmperf pni dtes64 monitor ds_cpl vmx smx est tm2 ssse3 cx16 xtpr pdcm sse4_1 sse4_2 popcnt lahf_lm ida dtherm tpr_shadow vnmi flexpriority ept vpid
bogomips	: 5619.46
clflush size	: 64
cache_alignment	: 64
address sizes	: 36 bits physical, 48 bits virtual
power management:



Memory: 4k page, physical 4012308k(132728k free), swap 4095996k(54436k free)

vm_info: Java HotSpot(TM) 64-Bit Server VM (24.45-b08) for linux-amd64 JRE (1.7.0_45-b18), built on Oct  8 2013 05:44:25 by "java_re" with gcc 4.3.0 20080428 (Red Hat 4.3.0-8)

time: Tue May  3 17:43:11 2016
elapsed time: 54 seconds

